<?xml version="1.0" encoding="UTF-8"?>
<!-- Generated by org.testng.reporters.JUnitReportReporter -->
<testsuite hostname="DESKTOP-QKTG52P" failures="0" tests="4" name="Stream.SteamIntro" time="0.024" errors="0" timestamp="23 May 2023 14:18:46 GMT">
  <testcase classname="Stream.SteamIntro" name="streamCollect" time="0.007"/>
  <testcase classname="Stream.SteamIntro" name="streamFilter" time="0.003"/>
  <testcase classname="Stream.SteamIntro" name="regular" time="0.008"/>
  <testcase classname="Stream.SteamIntro" name="streamMap" time="0.006"/>
</testsuite> <!-- Stream.SteamIntro -->
