<?xml version="1.0" encoding="UTF-8"?>
<!-- Generated by org.testng.reporters.JUnitReportReporter -->
<testsuite hostname="DESKTOP-QKTG52P" failures="0" tests="1" name="Inheritance.PS1" time="0.015" errors="0" timestamp="22 Jun 2023 18:14:53 GMT">
  <testcase classname="Inheritance.PS1" name="testRun" time="0.015"/>
</testsuite> <!-- Inheritance.PS1 -->
